[2026-02-13 13:18:51] This is codeql database analyze demo-db FlowSensitivityDemoTaint.ql --search-path codeql/cpp-examples (/Users/amirali/Documents/code/iris_all/iris-v2-fork/codeql/qlpacks/codeql/cpp-examples/0.0.0)
                      codeql/cpp-queries (/Users/amirali/Documents/code/iris_all/iris-v2-fork/codeql/qlpacks/codeql/cpp-queries/0.9.2)
                      codeql/csharp-examples (/Users/amirali/Documents/code/iris_all/iris-v2-fork/codeql/qlpacks/codeql/csharp-examples/0.0.0)
                      codeql/csharp-queries (/Users/amirali/Documents/code/iris_all/iris-v2-fork/codeql/qlpacks/codeql/csharp-queries/0.8.6)
                      codeql/go-examples (/Users/amirali/Documents/code/iris_all/iris-v2-fork/codeql/qlpacks/codeql/go-examples/0.0.0)
                      codeql/go-queries (/Users/amirali/Documents/code/iris_all/iris-v2-fork/codeql/qlpacks/codeql/go-queries/0.7.6)
                      codeql/java-examples (/Users/amirali/Documents/code/iris_all/iris-v2-fork/codeql/qlpacks/codeql/java-examples/0.0.0)
                      codeql/java-queries (/Users/amirali/Documents/code/iris_all/iris-v2-fork/codeql/qlpacks/codeql/java-queries/0.8.6)
                      codeql/javascript-examples (/Users/amirali/Documents/code/iris_all/iris-v2-fork/codeql/qlpacks/codeql/javascript-examples/0.0.0)
                      codeql/javascript-queries (/Users/amirali/Documents/code/iris_all/iris-v2-fork/codeql/qlpacks/codeql/javascript-queries/0.8.6)
                      codeql/python-examples (/Users/amirali/Documents/code/iris_all/iris-v2-fork/codeql/qlpacks/codeql/python-examples/0.0.0)
                      codeql/python-queries (/Users/amirali/Documents/code/iris_all/iris-v2-fork/codeql/qlpacks/codeql/python-queries/0.9.6)
                      codeql/ruby-examples (/Users/amirali/Documents/code/iris_all/iris-v2-fork/codeql/qlpacks/codeql/ruby-examples/0.0.0)
                      codeql/ruby-queries (/Users/amirali/Documents/code/iris_all/iris-v2-fork/codeql/qlpacks/codeql/ruby-queries/0.8.6)
                      codeql/swift-queries (/Users/amirali/Documents/code/iris_all/iris-v2-fork/codeql/qlpacks/codeql/swift-queries/0.3.6)
                      legacy-upgrades (/Users/amirali/Documents/code/iris_all/iris-v2-fork/codeql/legacy-upgrades) --format=sarifv2.1.0 --output=results.sarif
[2026-02-13 13:18:51] Log file was started late.
[2026-02-13 13:18:51] [PROGRESS] database analyze> Running queries.
[2026-02-13 13:18:51] Running plumbing command: codeql database run-queries --evaluator-log-level=5 --warnings=show --search-path=/Users/amirali/Documents/code/test/codeql/cpp-examples (/Users/amirali/Documents/code/iris_all/iris-v2-fork/codeql/qlpacks/codeql/cpp-examples/0.0.0)
                      codeql/cpp-queries (/Users/amirali/Documents/code/iris_all/iris-v2-fork/codeql/qlpacks/codeql/cpp-queries/0.9.2)
                      codeql/csharp-examples (/Users/amirali/Documents/code/iris_all/iris-v2-fork/codeql/qlpacks/codeql/csharp-examples/0.0.0)
                      codeql/csharp-queries (/Users/amirali/Documents/code/iris_all/iris-v2-fork/codeql/qlpacks/codeql/csharp-queries/0.8.6)
                      codeql/go-examples (/Users/amirali/Documents/code/iris_all/iris-v2-fork/codeql/qlpacks/codeql/go-examples/0.0.0)
                      codeql/go-queries (/Users/amirali/Documents/code/iris_all/iris-v2-fork/codeql/qlpacks/codeql/go-queries/0.7.6)
                      codeql/java-examples (/Users/amirali/Documents/code/iris_all/iris-v2-fork/codeql/qlpacks/codeql/java-examples/0.0.0)
                      codeql/java-queries (/Users/amirali/Documents/code/iris_all/iris-v2-fork/codeql/qlpacks/codeql/java-queries/0.8.6)
                      codeql/javascript-examples (/Users/amirali/Documents/code/iris_all/iris-v2-fork/codeql/qlpacks/codeql/javascript-examples/0.0.0)
                      codeql/javascript-queries (/Users/amirali/Documents/code/iris_all/iris-v2-fork/codeql/qlpacks/codeql/javascript-queries/0.8.6)
                      codeql/python-examples (/Users/amirali/Documents/code/iris_all/iris-v2-fork/codeql/qlpacks/codeql/python-examples/0.0.0)
                      codeql/python-queries (/Users/amirali/Documents/code/iris_all/iris-v2-fork/codeql/qlpacks/codeql/python-queries/0.9.6)
                      codeql/ruby-examples (/Users/amirali/Documents/code/iris_all/iris-v2-fork/codeql/qlpacks/codeql/ruby-examples/0.0.0)
                      codeql/ruby-queries (/Users/amirali/Documents/code/iris_all/iris-v2-fork/codeql/qlpacks/codeql/ruby-queries/0.8.6)
                      codeql/swift-queries (/Users/amirali/Documents/code/iris_all/iris-v2-fork/codeql/qlpacks/codeql/swift-queries/0.3.6)
                      legacy-upgrades (/Users/amirali/Documents/code/iris_all/iris-v2-fork/codeql/legacy-upgrades) --qlconfig-file=/Users/amirali/Documents/code/test/qlconfig.yml --no-rerun --interpret-passthrough=null,--format=sarifv2.1.0,-o=/Users/amirali/Documents/code/test/results.sarif,--max-paths=4,--csv-location-format=line-column,--print-diagnostics-summary,--print-metrics-summary,--search-path=/Users/amirali/Documents/code/test/codeql/cpp-examples (/Users/amirali/Documents/code/iris_all/iris-v2-fork/codeql/qlpacks/codeql/cpp-examples/0.0.0)
                      codeql/cpp-queries (/Users/amirali/Documents/code/iris_all/iris-v2-fork/codeql/qlpacks/codeql/cpp-queries/0.9.2)
                      codeql/csharp-examples (/Users/amirali/Documents/code/iris_all/iris-v2-fork/codeql/qlpacks/codeql/csharp-examples/0.0.0)
                      codeql/csharp-queries (/Users/amirali/Documents/code/iris_all/iris-v2-fork/codeql/qlpacks/codeql/csharp-queries/0.8.6)
                      codeql/go-examples (/Users/amirali/Documents/code/iris_all/iris-v2-fork/codeql/qlpacks/codeql/go-examples/0.0.0)
                      codeql/go-queries (/Users/amirali/Documents/code/iris_all/iris-v2-fork/codeql/qlpacks/codeql/go-queries/0.7.6)
                      codeql/java-examples (/Users/amirali/Documents/code/iris_all/iris-v2-fork/codeql/qlpacks/codeql/java-examples/0.0.0)
                      codeql/java-queries (/Users/amirali/Documents/code/iris_all/iris-v2-fork/codeql/qlpacks/codeql/java-queries/0.8.6)
                      codeql/javascript-examples (/Users/amirali/Documents/code/iris_all/iris-v2-fork/codeql/qlpacks/codeql/javascript-examples/0.0.0)
                      codeql/javascript-queries (/Users/amirali/Documents/code/iris_all/iris-v2-fork/codeql/qlpacks/codeql/javascript-queries/0.8.6)
                      codeql/python-examples (/Users/amirali/Documents/code/iris_all/iris-v2-fork/codeql/qlpacks/codeql/python-examples/0.0.0)
                      codeql/python-queries (/Users/amirali/Documents/code/iris_all/iris-v2-fork/codeql/qlpacks/codeql/python-queries/0.9.6)
                      codeql/ruby-examples (/Users/amirali/Documents/code/iris_all/iris-v2-fork/codeql/qlpacks/codeql/ruby-examples/0.0.0)
                      codeql/ruby-queries (/Users/amirali/Documents/code/iris_all/iris-v2-fork/codeql/qlpacks/codeql/ruby-queries/0.8.6)
                      codeql/swift-queries (/Users/amirali/Documents/code/iris_all/iris-v2-fork/codeql/qlpacks/codeql/swift-queries/0.3.6)
                      legacy-upgrades (/Users/amirali/Documents/code/iris_all/iris-v2-fork/codeql/legacy-upgrades),--qlconfig-file=/Users/amirali/Documents/code/test/qlconfig.yml,--,/Users/amirali/Documents/code/test/demo-db,FlowSensitivityDemoTaint.ql -- /Users/amirali/Documents/code/test/demo-db FlowSensitivityDemoTaint.ql
[2026-02-13 13:18:51] Calling plumbing command: codeql resolve ram --dataset=/Users/amirali/Documents/code/test/demo-db/db-java --format=json
[2026-02-13 13:18:51] [WARN] resolve ram> Stingpool size measured as 2523514
[2026-02-13 13:18:51] Plumbing command codeql resolve ram completed:
                      [
                        "-J-Xmx1800M",
                        "--off-heap-ram=1660"
                      ]
[2026-02-13 13:18:51] Chaining via /var/folders/n8/27lyp8mx46g1ptvzpjkvlqd80000gn/T/codeql.XXXXXXXX.EC3umVUwzT to plumbing: execute queries -J-Xmx1800M --off-heap-ram=1660 --verbosity=progress --logdir=/Users/amirali/Documents/code/test/demo-db/log --evaluator-log-level=5 --warnings=show --search-path=/Users/amirali/Documents/code/test/codeql/cpp-examples (/Users/amirali/Documents/code/iris_all/iris-v2-fork/codeql/qlpacks/codeql/cpp-examples/0.0.0)
                      codeql/cpp-queries (/Users/amirali/Documents/code/iris_all/iris-v2-fork/codeql/qlpacks/codeql/cpp-queries/0.9.2)
                      codeql/csharp-examples (/Users/amirali/Documents/code/iris_all/iris-v2-fork/codeql/qlpacks/codeql/csharp-examples/0.0.0)
                      codeql/csharp-queries (/Users/amirali/Documents/code/iris_all/iris-v2-fork/codeql/qlpacks/codeql/csharp-queries/0.8.6)
                      codeql/go-examples (/Users/amirali/Documents/code/iris_all/iris-v2-fork/codeql/qlpacks/codeql/go-examples/0.0.0)
                      codeql/go-queries (/Users/amirali/Documents/code/iris_all/iris-v2-fork/codeql/qlpacks/codeql/go-queries/0.7.6)
                      codeql/java-examples (/Users/amirali/Documents/code/iris_all/iris-v2-fork/codeql/qlpacks/codeql/java-examples/0.0.0)
                      codeql/java-queries (/Users/amirali/Documents/code/iris_all/iris-v2-fork/codeql/qlpacks/codeql/java-queries/0.8.6)
                      codeql/javascript-examples (/Users/amirali/Documents/code/iris_all/iris-v2-fork/codeql/qlpacks/codeql/javascript-examples/0.0.0)
                      codeql/javascript-queries (/Users/amirali/Documents/code/iris_all/iris-v2-fork/codeql/qlpacks/codeql/javascript-queries/0.8.6)
                      codeql/python-examples (/Users/amirali/Documents/code/iris_all/iris-v2-fork/codeql/qlpacks/codeql/python-examples/0.0.0)
                      codeql/python-queries (/Users/amirali/Documents/code/iris_all/iris-v2-fork/codeql/qlpacks/codeql/python-queries/0.9.6)
                      codeql/ruby-examples (/Users/amirali/Documents/code/iris_all/iris-v2-fork/codeql/qlpacks/codeql/ruby-examples/0.0.0)
                      codeql/ruby-queries (/Users/amirali/Documents/code/iris_all/iris-v2-fork/codeql/qlpacks/codeql/ruby-queries/0.8.6)
                      codeql/swift-queries (/Users/amirali/Documents/code/iris_all/iris-v2-fork/codeql/qlpacks/codeql/swift-queries/0.3.6)
                      legacy-upgrades (/Users/amirali/Documents/code/iris_all/iris-v2-fork/codeql/legacy-upgrades) --qlconfig-file=/Users/amirali/Documents/code/test/qlconfig.yml --no-rerun --interpret-passthrough=null,--format=sarifv2.1.0,-o=/Users/amirali/Documents/code/test/results.sarif,--max-paths=4,--csv-location-format=line-column,--print-diagnostics-summary,--print-metrics-summary,--search-path=/Users/amirali/Documents/code/test/codeql/cpp-examples (/Users/amirali/Documents/code/iris_all/iris-v2-fork/codeql/qlpacks/codeql/cpp-examples/0.0.0)
                      codeql/cpp-queries (/Users/amirali/Documents/code/iris_all/iris-v2-fork/codeql/qlpacks/codeql/cpp-queries/0.9.2)
                      codeql/csharp-examples (/Users/amirali/Documents/code/iris_all/iris-v2-fork/codeql/qlpacks/codeql/csharp-examples/0.0.0)
                      codeql/csharp-queries (/Users/amirali/Documents/code/iris_all/iris-v2-fork/codeql/qlpacks/codeql/csharp-queries/0.8.6)
                      codeql/go-examples (/Users/amirali/Documents/code/iris_all/iris-v2-fork/codeql/qlpacks/codeql/go-examples/0.0.0)
                      codeql/go-queries (/Users/amirali/Documents/code/iris_all/iris-v2-fork/codeql/qlpacks/codeql/go-queries/0.7.6)
                      codeql/java-examples (/Users/amirali/Documents/code/iris_all/iris-v2-fork/codeql/qlpacks/codeql/java-examples/0.0.0)
                      codeql/java-queries (/Users/amirali/Documents/code/iris_all/iris-v2-fork/codeql/qlpacks/codeql/java-queries/0.8.6)
                      codeql/javascript-examples (/Users/amirali/Documents/code/iris_all/iris-v2-fork/codeql/qlpacks/codeql/javascript-examples/0.0.0)
                      codeql/javascript-queries (/Users/amirali/Documents/code/iris_all/iris-v2-fork/codeql/qlpacks/codeql/javascript-queries/0.8.6)
                      codeql/python-examples (/Users/amirali/Documents/code/iris_all/iris-v2-fork/codeql/qlpacks/codeql/python-examples/0.0.0)
                      codeql/python-queries (/Users/amirali/Documents/code/iris_all/iris-v2-fork/codeql/qlpacks/codeql/python-queries/0.9.6)
                      codeql/ruby-examples (/Users/amirali/Documents/code/iris_all/iris-v2-fork/codeql/qlpacks/codeql/ruby-examples/0.0.0)
                      codeql/ruby-queries (/Users/amirali/Documents/code/iris_all/iris-v2-fork/codeql/qlpacks/codeql/ruby-queries/0.8.6)
                      codeql/swift-queries (/Users/amirali/Documents/code/iris_all/iris-v2-fork/codeql/qlpacks/codeql/swift-queries/0.3.6)
                      legacy-upgrades (/Users/amirali/Documents/code/iris_all/iris-v2-fork/codeql/legacy-upgrades),--qlconfig-file=/Users/amirali/Documents/code/test/qlconfig.yml,--,/Users/amirali/Documents/code/test/demo-db,FlowSensitivityDemoTaint.ql --output=/Users/amirali/Documents/code/test/demo-db/results -- /Users/amirali/Documents/code/test/demo-db/db-java FlowSensitivityDemoTaint.ql
[2026-02-13 13:18:51] Plumbing command codeql database run-queries completed with status 70.
[2026-02-13 13:18:51] Exiting with code 70
